2026-02-16 16:58:16,277 - INFO - \U0001f3ac Weather ETL Pipeline \u0938\u0941\u0930\u0942 \u091d\u093e\u0932\u0940 (Root Mode)...
2026-02-16 16:58:16,279 - INFO - \U0001f4cd \u091f\u093e\u0930\u094d\u0917\u0947\u091f \u0938\u093f\u091f\u0940: Pune
2026-02-16 16:58:17,998 - ERROR - \u274c \u0917\u0902\u092d\u0940\u0930 \u0924\u094d\u0930\u0941\u091f\u0940: 'Engine' object has no attribute 'cursor'
2026-02-16 16:59:45,861 - INFO - \U0001f3ac Weather ETL Pipeline \u0938\u0941\u0930\u0942 \u091d\u093e\u0932\u0940 (Root Mode)...
2026-02-16 16:59:45,862 - INFO - \U0001f4cd \u091f\u093e\u0930\u094d\u0917\u0947\u091f \u0938\u093f\u091f\u0940: Pune
2026-02-16 16:59:46,603 - ERROR - \u274c \u0917\u0902\u092d\u0940\u0930 \u0924\u094d\u0930\u0941\u091f\u0940: Database Load Error: 'Engine' object has no attribute 'cursor'
2026-02-16 17:01:35,074 - INFO - \U0001f3ac Weather ETL Pipeline \u0938\u0941\u0930\u0942 \u091d\u093e\u0932\u0940 (Root Mode)...
2026-02-16 17:01:35,075 - INFO - \U0001f4cd \u091f\u093e\u0930\u094d\u0917\u0947\u091f \u0938\u093f\u091f\u0940: Pune
2026-02-16 17:01:35,805 - ERROR - \u274c \u0917\u0902\u092d\u0940\u0930 \u0924\u094d\u0930\u0941\u091f\u0940: Database Load Error: 'Engine' object has no attribute 'cursor'
2026-02-16 17:03:24,980 - INFO - \U0001f3ac Weather ETL Pipeline \u0938\u0941\u0930\u0942 \u091d\u093e\u0932\u0940 (Root Mode)...
2026-02-16 17:03:24,981 - INFO - \U0001f4cd \u091f\u093e\u0930\u094d\u0917\u0947\u091f \u0938\u093f\u091f\u0940: Pune
2026-02-16 17:03:25,710 - ERROR - \u274c \u0917\u0902\u092d\u0940\u0930 \u0924\u094d\u0930\u0941\u091f\u0940: Database Load Error: 'Engine' object has no attribute 'cursor'
2026-02-16 17:05:10,619 - INFO - \U0001f3ac Weather ETL Pipeline \u0938\u0941\u0930\u0942 \u091d\u093e\u0932\u0940 (Root Mode)...
2026-02-16 17:05:10,621 - INFO - \U0001f4cd \u091f\u093e\u0930\u094d\u0917\u0947\u091f \u0938\u093f\u091f\u0940: Pune
2026-02-16 17:05:11,327 - INFO - \u2705 \u092a\u093e\u0908\u092a\u0932\u093e\u0908\u0928 \u092f\u0936\u0938\u094d\u0935\u0940\u0930\u093f\u0924\u094d\u092f\u093e \u092a\u0942\u0930\u094d\u0923 \u091d\u093e\u0932\u0940!
2026-02-16 17:07:48,422 - INFO - \U0001f3ac Weather ETL Pipeline \u0938\u0941\u0930\u0942 \u091d\u093e\u0932\u0940 (Root Mode)...
2026-02-16 17:07:48,423 - INFO - \U0001f4cd \u091f\u093e\u0930\u094d\u0917\u0947\u091f \u0938\u093f\u091f\u0940: Pune
2026-02-16 17:07:49,121 - INFO - \U0001f4c4 CSV \u092b\u093e\u0908\u0932 'data/weather_export.csv' \u092e\u0927\u094d\u092f\u0947 \u0921\u0947\u091f\u093e \u0905\u092a\u0921\u0947\u091f \u091d\u093e\u0932\u093e!
2026-02-16 17:07:49,121 - INFO - \u2705 \u092a\u093e\u0908\u092a\u0932\u093e\u0908\u0928 \u092f\u0936\u0938\u094d\u0935\u0940\u0930\u093f\u0924\u094d\u092f\u093e \u092a\u0942\u0930\u094d\u0923 \u091d\u093e\u0932\u0940!
2026-02-16 17:08:18,776 - INFO - \U0001f3ac Weather ETL Pipeline \u0938\u0941\u0930\u0942 \u091d\u093e\u0932\u0940 (Root Mode)...
2026-02-16 17:08:36,701 - INFO - \U0001f3ac Weather ETL Pipeline \u0938\u0941\u0930\u0942 \u091d\u093e\u0932\u0940 (Root Mode)...
2026-02-16 17:08:36,702 - INFO - \U0001f4cd \u091f\u093e\u0930\u094d\u0917\u0947\u091f \u0938\u093f\u091f\u0940: Pune
2026-02-16 17:08:37,434 - INFO - \U0001f4c4 CSV \u092b\u093e\u0908\u0932 'data/weather_export.csv' \u092e\u0927\u094d\u092f\u0947 \u0921\u0947\u091f\u093e \u0905\u092a\u0921\u0947\u091f \u091d\u093e\u0932\u093e!
2026-02-16 17:08:37,434 - INFO - \u2705 \u092a\u093e\u0908\u092a\u0932\u093e\u0908\u0928 \u092f\u0936\u0938\u094d\u0935\u0940\u0930\u093f\u0924\u094d\u092f\u093e \u092a\u0942\u0930\u094d\u0923 \u091d\u093e\u0932\u0940!
2026-02-16 17:52:00,003 - INFO - \U0001f3ac Weather ETL Pipeline \u0938\u0941\u0930\u0942 \u091d\u093e\u0932\u0940 (Root Mode)...
2026-02-16 17:52:04,538 - INFO - \U0001f3ac Weather ETL Pipeline \u0938\u0941\u0930\u0942 \u091d\u093e\u0932\u0940 (Root Mode)...
2026-02-16 17:52:17,236 - INFO - \U0001f3ac Weather ETL Pipeline \u0938\u0941\u0930\u0942 \u091d\u093e\u0932\u0940 (Root Mode)...
2026-02-16 17:52:17,256 - ERROR - \u274c \u0917\u0902\u092d\u0940\u0930 \u0924\u094d\u0930\u0941\u091f\u0940: 'location'
2026-02-16 17:52:38,946 - INFO - \U0001f3ac Weather ETL Pipeline \u0938\u0941\u0930\u0942 \u091d\u093e\u0932\u0940 (Root Mode)...
2026-02-16 17:52:38,948 - ERROR - \u274c \u0917\u0902\u092d\u0940\u0930 \u0924\u094d\u0930\u0941\u091f\u0940: 'location'
2026-02-16 17:54:47,315 - INFO - \U0001f3ac Weather ETL Pipeline \u0938\u0941\u0930\u0942 \u091d\u093e\u0932\u0940 (Root Mode)...
2026-02-16 17:54:47,317 - ERROR - \u274c \u0917\u0902\u092d\u0940\u0930 \u0924\u094d\u0930\u0941\u091f\u0940: list indices must be integers or slices, not str
2026-02-16 17:56:09,842 - ERROR - YAML \u092e\u0927\u094d\u092f\u0947 \u0915\u094b\u0923\u0924\u0940\u0939\u0940 \u0936\u0939\u0930\u0947 (locations) \u0938\u093e\u092a\u0921\u0932\u0940 \u0928\u093e\u0939\u0940\u0924!
2026-02-16 17:56:41,311 - INFO - \U0001f680 6 \u0936\u0939\u0930\u093e\u0902\u0938\u093e\u0920\u0940 \u092a\u094d\u0930\u094b\u0938\u0947\u0938 \u0938\u0941\u0930\u0942 \u0939\u094b\u0924 \u0906\u0939\u0947...
2026-02-16 17:56:41,311 - INFO - \U0001f4e1 Sambhajinagar \u091a\u093e \u0921\u0947\u091f\u093e \u0918\u0947\u0924 \u0906\u0939\u0947...
2026-02-16 17:56:42,046 - INFO - \u2705 Sambhajinagar \u091a\u093e \u0921\u0947\u091f\u093e \u092f\u0936\u0938\u094d\u0935\u0940\u0930\u093f\u0924\u094d\u092f\u093e \u0938\u0947\u0935\u094d\u0939 \u091d\u093e\u0932\u093e.
2026-02-16 17:56:42,046 - INFO - \U0001f4e1 Jalna \u091a\u093e \u0921\u0947\u091f\u093e \u0918\u0947\u0924 \u0906\u0939\u0947...
2026-02-16 17:56:42,769 - INFO - \u2705 Jalna \u091a\u093e \u0921\u0947\u091f\u093e \u092f\u0936\u0938\u094d\u0935\u0940\u0930\u093f\u0924\u094d\u092f\u093e \u0938\u0947\u0935\u094d\u0939 \u091d\u093e\u0932\u093e.
2026-02-16 17:56:42,769 - INFO - \U0001f4e1 Beed \u091a\u093e \u0921\u0947\u091f\u093e \u0918\u0947\u0924 \u0906\u0939\u0947...
2026-02-16 17:56:43,547 - INFO - \u2705 Beed \u091a\u093e \u0921\u0947\u091f\u093e \u092f\u0936\u0938\u094d\u0935\u0940\u0930\u093f\u0924\u094d\u092f\u093e \u0938\u0947\u0935\u094d\u0939 \u091d\u093e\u0932\u093e.
2026-02-16 17:56:43,547 - INFO - \U0001f4e1 Latur \u091a\u093e \u0921\u0947\u091f\u093e \u0918\u0947\u0924 \u0906\u0939\u0947...
2026-02-16 17:56:44,288 - INFO - \u2705 Latur \u091a\u093e \u0921\u0947\u091f\u093e \u092f\u0936\u0938\u094d\u0935\u0940\u0930\u093f\u0924\u094d\u092f\u093e \u0938\u0947\u0935\u094d\u0939 \u091d\u093e\u0932\u093e.
2026-02-16 17:56:44,288 - INFO - \U0001f4e1 Nanded \u091a\u093e \u0921\u0947\u091f\u093e \u0918\u0947\u0924 \u0906\u0939\u0947...
2026-02-16 17:56:44,996 - INFO - \u2705 Nanded \u091a\u093e \u0921\u0947\u091f\u093e \u092f\u0936\u0938\u094d\u0935\u0940\u0930\u093f\u0924\u094d\u092f\u093e \u0938\u0947\u0935\u094d\u0939 \u091d\u093e\u0932\u093e.
2026-02-16 17:56:44,997 - INFO - \U0001f4e1 Parbhani \u091a\u093e \u0921\u0947\u091f\u093e \u0918\u0947\u0924 \u0906\u0939\u0947...
2026-02-16 17:56:45,699 - INFO - \u2705 Parbhani \u091a\u093e \u0921\u0947\u091f\u093e \u092f\u0936\u0938\u094d\u0935\u0940\u0930\u093f\u0924\u094d\u092f\u093e \u0938\u0947\u0935\u094d\u0939 \u091d\u093e\u0932\u093e.
2026-02-16 18:39:42,377 - INFO - \U0001f680 6 \u0936\u0939\u0930\u093e\u0902\u0938\u093e\u0920\u0940 \u092a\u094d\u0930\u094b\u0938\u0947\u0938 \u0938\u0941\u0930\u0942 \u0939\u094b\u0924 \u0906\u0939\u0947...
2026-02-16 18:39:42,378 - INFO - \U0001f4e1 Sambhajinagar \u091a\u093e \u0921\u0947\u091f\u093e \u0918\u0947\u0924 \u0906\u0939\u0947...
2026-02-16 18:39:43,497 - INFO - \u2705 Sambhajinagar \u091a\u093e \u0921\u0947\u091f\u093e \u092f\u0936\u0938\u094d\u0935\u0940\u0930\u093f\u0924\u094d\u092f\u093e \u0938\u0947\u0935\u094d\u0939 \u091d\u093e\u0932\u093e.
2026-02-16 18:39:43,497 - INFO - \U0001f4e1 Jalna \u091a\u093e \u0921\u0947\u091f\u093e \u0918\u0947\u0924 \u0906\u0939\u0947...
2026-02-16 18:39:44,750 - INFO - \u2705 Jalna \u091a\u093e \u0921\u0947\u091f\u093e \u092f\u0936\u0938\u094d\u0935\u0940\u0930\u093f\u0924\u094d\u092f\u093e \u0938\u0947\u0935\u094d\u0939 \u091d\u093e\u0932\u093e.
2026-02-16 18:39:44,750 - INFO - \U0001f4e1 Beed \u091a\u093e \u0921\u0947\u091f\u093e \u0918\u0947\u0924 \u0906\u0939\u0947...
2026-02-16 18:39:47,300 - INFO - \u2705 Beed \u091a\u093e \u0921\u0947\u091f\u093e \u092f\u0936\u0938\u094d\u0935\u0940\u0930\u093f\u0924\u094d\u092f\u093e \u0938\u0947\u0935\u094d\u0939 \u091d\u093e\u0932\u093e.
2026-02-16 18:39:47,301 - INFO - \U0001f4e1 Latur \u091a\u093e \u0921\u0947\u091f\u093e \u0918\u0947\u0924 \u0906\u0939\u0947...
2026-02-16 18:39:49,306 - INFO - \u2705 Latur \u091a\u093e \u0921\u0947\u091f\u093e \u092f\u0936\u0938\u094d\u0935\u0940\u0930\u093f\u0924\u094d\u092f\u093e \u0938\u0947\u0935\u094d\u0939 \u091d\u093e\u0932\u093e.
2026-02-16 18:39:49,306 - INFO - \U0001f4e1 Nanded \u091a\u093e \u0921\u0947\u091f\u093e \u0918\u0947\u0924 \u0906\u0939\u0947...
2026-02-16 18:39:51,229 - INFO - \u2705 Nanded \u091a\u093e \u0921\u0947\u091f\u093e \u092f\u0936\u0938\u094d\u0935\u0940\u0930\u093f\u0924\u094d\u092f\u093e \u0938\u0947\u0935\u094d\u0939 \u091d\u093e\u0932\u093e.
2026-02-16 18:39:51,230 - INFO - \U0001f4e1 Parbhani \u091a\u093e \u0921\u0947\u091f\u093e \u0918\u0947\u0924 \u0906\u0939\u0947...
2026-02-16 18:39:52,895 - INFO - \u2705 Parbhani \u091a\u093e \u0921\u0947\u091f\u093e \u092f\u0936\u0938\u094d\u0935\u0940\u0930\u093f\u0924\u094d\u092f\u093e \u0938\u0947\u0935\u094d\u0939 \u091d\u093e\u0932\u093e.
2026-02-16 18:46:05,833 - INFO - \U0001f680 6 \u0936\u0939\u0930\u093e\u0902\u0938\u093e\u0920\u0940 \u092a\u094d\u0930\u094b\u0938\u0947\u0938 \u0938\u0941\u0930\u0942 \u0939\u094b\u0924 \u0906\u0939\u0947...
2026-02-16 18:46:05,833 - INFO - \U0001f4e1 Sambhajinagar \u091a\u093e \u0921\u0947\u091f\u093e \u0918\u0947\u0924 \u0906\u0939\u0947...
2026-02-16 18:46:06,956 - INFO - \u2705 Sambhajinagar \u091a\u093e \u0921\u0947\u091f\u093e \u092f\u0936\u0938\u094d\u0935\u0940\u0930\u093f\u0924\u094d\u092f\u093e \u0938\u0947\u0935\u094d\u0939 \u091d\u093e\u0932\u093e.
2026-02-16 18:46:06,956 - INFO - \U0001f4e1 Jalna \u091a\u093e \u0921\u0947\u091f\u093e \u0918\u0947\u0924 \u0906\u0939\u0947...
2026-02-16 18:46:07,979 - INFO - \u2705 Jalna \u091a\u093e \u0921\u0947\u091f\u093e \u092f\u0936\u0938\u094d\u0935\u0940\u0930\u093f\u0924\u094d\u092f\u093e \u0938\u0947\u0935\u094d\u0939 \u091d\u093e\u0932\u093e.
2026-02-16 18:46:07,979 - INFO - \U0001f4e1 Beed \u091a\u093e \u0921\u0947\u091f\u093e \u0918\u0947\u0924 \u0906\u0939\u0947...
2026-02-16 18:46:08,978 - INFO - \u2705 Beed \u091a\u093e \u0921\u0947\u091f\u093e \u092f\u0936\u0938\u094d\u0935\u0940\u0930\u093f\u0924\u094d\u092f\u093e \u0938\u0947\u0935\u094d\u0939 \u091d\u093e\u0932\u093e.
2026-02-16 18:46:08,979 - INFO - \U0001f4e1 Latur \u091a\u093e \u0921\u0947\u091f\u093e \u0918\u0947\u0924 \u0906\u0939\u0947...
2026-02-16 18:46:10,022 - INFO - \u2705 Latur \u091a\u093e \u0921\u0947\u091f\u093e \u092f\u0936\u0938\u094d\u0935\u0940\u0930\u093f\u0924\u094d\u092f\u093e \u0938\u0947\u0935\u094d\u0939 \u091d\u093e\u0932\u093e.
2026-02-16 18:46:10,023 - INFO - \U0001f4e1 Nanded \u091a\u093e \u0921\u0947\u091f\u093e \u0918\u0947\u0924 \u0906\u0939\u0947...
2026-02-16 18:46:11,042 - INFO - \u2705 Nanded \u091a\u093e \u0921\u0947\u091f\u093e \u092f\u0936\u0938\u094d\u0935\u0940\u0930\u093f\u0924\u094d\u092f\u093e \u0938\u0947\u0935\u094d\u0939 \u091d\u093e\u0932\u093e.
2026-02-16 18:46:11,043 - INFO - \U0001f4e1 Parbhani \u091a\u093e \u0921\u0947\u091f\u093e \u0918\u0947\u0924 \u0906\u0939\u0947...
2026-02-16 18:46:12,210 - INFO - \u2705 Parbhani \u091a\u093e \u0921\u0947\u091f\u093e \u092f\u0936\u0938\u094d\u0935\u0940\u0930\u093f\u0924\u094d\u092f\u093e \u0938\u0947\u0935\u094d\u0939 \u091d\u093e\u0932\u093e.
2026-02-16 18:54:31,908 - INFO - \U0001f680 6 \u0936\u0939\u0930\u093e\u0902\u0938\u093e\u0920\u0940 \u092a\u094d\u0930\u094b\u0938\u0947\u0938 \u0938\u0941\u0930\u0942 \u0939\u094b\u0924 \u0906\u0939\u0947...
2026-02-16 18:54:31,908 - INFO - \U0001f4e1 Sambhajinagar \u091a\u093e \u0921\u0947\u091f\u093e \u0918\u0947\u0924 \u0906\u0939\u0947...
2026-02-16 18:54:33,158 - INFO - \u2705 Sambhajinagar \u091a\u093e \u0921\u0947\u091f\u093e \u092f\u0936\u0938\u094d\u0935\u0940\u0930\u093f\u0924\u094d\u092f\u093e \u0938\u0947\u0935\u094d\u0939 \u091d\u093e\u0932\u093e.
2026-02-16 18:54:33,158 - INFO - \U0001f4e1 Jalna \u091a\u093e \u0921\u0947\u091f\u093e \u0918\u0947\u0924 \u0906\u0939\u0947...
2026-02-16 18:54:34,254 - INFO - \u2705 Jalna \u091a\u093e \u0921\u0947\u091f\u093e \u092f\u0936\u0938\u094d\u0935\u0940\u0930\u093f\u0924\u094d\u092f\u093e \u0938\u0947\u0935\u094d\u0939 \u091d\u093e\u0932\u093e.
2026-02-16 18:54:34,254 - INFO - \U0001f4e1 Beed \u091a\u093e \u0921\u0947\u091f\u093e \u0918\u0947\u0924 \u0906\u0939\u0947...
2026-02-16 18:54:35,517 - INFO - \u2705 Beed \u091a\u093e \u0921\u0947\u091f\u093e \u092f\u0936\u0938\u094d\u0935\u0940\u0930\u093f\u0924\u094d\u092f\u093e \u0938\u0947\u0935\u094d\u0939 \u091d\u093e\u0932\u093e.
2026-02-16 18:54:35,518 - INFO - \U0001f4e1 Latur \u091a\u093e \u0921\u0947\u091f\u093e \u0918\u0947\u0924 \u0906\u0939\u0947...
2026-02-16 18:54:37,203 - INFO - \u2705 Latur \u091a\u093e \u0921\u0947\u091f\u093e \u092f\u0936\u0938\u094d\u0935\u0940\u0930\u093f\u0924\u094d\u092f\u093e \u0938\u0947\u0935\u094d\u0939 \u091d\u093e\u0932\u093e.
2026-02-16 18:54:37,204 - INFO - \U0001f4e1 Nanded \u091a\u093e \u0921\u0947\u091f\u093e \u0918\u0947\u0924 \u0906\u0939\u0947...
2026-02-16 18:54:38,861 - INFO - \u2705 Nanded \u091a\u093e \u0921\u0947\u091f\u093e \u092f\u0936\u0938\u094d\u0935\u0940\u0930\u093f\u0924\u094d\u092f\u093e \u0938\u0947\u0935\u094d\u0939 \u091d\u093e\u0932\u093e.
2026-02-16 18:54:38,862 - INFO - \U0001f4e1 Parbhani \u091a\u093e \u0921\u0947\u091f\u093e \u0918\u0947\u0924 \u0906\u0939\u0947...
2026-02-16 18:54:40,496 - INFO - \u2705 Parbhani \u091a\u093e \u0921\u0947\u091f\u093e \u092f\u0936\u0938\u094d\u0935\u0940\u0930\u093f\u0924\u094d\u092f\u093e \u0938\u0947\u0935\u094d\u0939 \u091d\u093e\u0932\u093e.
2026-02-16 18:54:58,523 - INFO - \U0001f680 6 \u0936\u0939\u0930\u093e\u0902\u0938\u093e\u0920\u0940 \u092a\u094d\u0930\u094b\u0938\u0947\u0938 \u0938\u0941\u0930\u0942 \u0939\u094b\u0924 \u0906\u0939\u0947...
2026-02-16 18:54:58,524 - INFO - \U0001f4e1 Sambhajinagar \u091a\u093e \u0921\u0947\u091f\u093e \u0918\u0947\u0924 \u0906\u0939\u0947...
2026-02-16 18:54:59,909 - INFO - \u2705 Sambhajinagar \u091a\u093e \u0921\u0947\u091f\u093e \u092f\u0936\u0938\u094d\u0935\u0940\u0930\u093f\u0924\u094d\u092f\u093e \u0938\u0947\u0935\u094d\u0939 \u091d\u093e\u0932\u093e.
2026-02-16 18:54:59,909 - INFO - \U0001f4e1 Jalna \u091a\u093e \u0921\u0947\u091f\u093e \u0918\u0947\u0924 \u0906\u0939\u0947...
2026-02-16 18:55:01,022 - INFO - \u2705 Jalna \u091a\u093e \u0921\u0947\u091f\u093e \u092f\u0936\u0938\u094d\u0935\u0940\u0930\u093f\u0924\u094d\u092f\u093e \u0938\u0947\u0935\u094d\u0939 \u091d\u093e\u0932\u093e.
2026-02-16 18:55:01,022 - INFO - \U0001f4e1 Beed \u091a\u093e \u0921\u0947\u091f\u093e \u0918\u0947\u0924 \u0906\u0939\u0947...
2026-02-16 18:55:02,344 - INFO - \u2705 Beed \u091a\u093e \u0921\u0947\u091f\u093e \u092f\u0936\u0938\u094d\u0935\u0940\u0930\u093f\u0924\u094d\u092f\u093e \u0938\u0947\u0935\u094d\u0939 \u091d\u093e\u0932\u093e.
2026-02-16 18:55:02,345 - INFO - \U0001f4e1 Latur \u091a\u093e \u0921\u0947\u091f\u093e \u0918\u0947\u0924 \u0906\u0939\u0947...
2026-02-16 18:55:03,472 - INFO - \u2705 Latur \u091a\u093e \u0921\u0947\u091f\u093e \u092f\u0936\u0938\u094d\u0935\u0940\u0930\u093f\u0924\u094d\u092f\u093e \u0938\u0947\u0935\u094d\u0939 \u091d\u093e\u0932\u093e.
2026-02-16 18:55:03,472 - INFO - \U0001f4e1 Nanded \u091a\u093e \u0921\u0947\u091f\u093e \u0918\u0947\u0924 \u0906\u0939\u0947...
2026-02-16 18:55:04,524 - INFO - \u2705 Nanded \u091a\u093e \u0921\u0947\u091f\u093e \u092f\u0936\u0938\u094d\u0935\u0940\u0930\u093f\u0924\u094d\u092f\u093e \u0938\u0947\u0935\u094d\u0939 \u091d\u093e\u0932\u093e.
2026-02-16 18:55:04,525 - INFO - \U0001f4e1 Parbhani \u091a\u093e \u0921\u0947\u091f\u093e \u0918\u0947\u0924 \u0906\u0939\u0947...
2026-02-16 18:55:05,697 - INFO - \u2705 Parbhani \u091a\u093e \u0921\u0947\u091f\u093e \u092f\u0936\u0938\u094d\u0935\u0940\u0930\u093f\u0924\u094d\u092f\u093e \u0938\u0947\u0935\u094d\u0939 \u091d\u093e\u0932\u093e.
2026-02-16 19:27:22,701 - INFO - \U0001f680 6 \u0936\u0939\u0930\u093e\u0902\u0938\u093e\u0920\u0940 \u092a\u094d\u0930\u094b\u0938\u0947\u0938 \u0938\u0941\u0930\u0942 \u0939\u094b\u0924 \u0906\u0939\u0947...
2026-02-16 19:27:22,703 - INFO - \U0001f4e1 Sambhajinagar \u091a\u093e \u0921\u0947\u091f\u093e \u0918\u0947\u0924 \u0906\u0939\u0947...
2026-02-16 19:27:24,090 - INFO - \u2705 Sambhajinagar \u091a\u093e \u0921\u0947\u091f\u093e \u092f\u0936\u0938\u094d\u0935\u0940\u0930\u093f\u0924\u094d\u092f\u093e \u0938\u0947\u0935\u094d\u0939 \u091d\u093e\u0932\u093e.
2026-02-16 19:27:24,091 - INFO - \U0001f4e1 Jalna \u091a\u093e \u0921\u0947\u091f\u093e \u0918\u0947\u0924 \u0906\u0939\u0947...
2026-02-16 19:27:25,292 - INFO - \u2705 Jalna \u091a\u093e \u0921\u0947\u091f\u093e \u092f\u0936\u0938\u094d\u0935\u0940\u0930\u093f\u0924\u094d\u092f\u093e \u0938\u0947\u0935\u094d\u0939 \u091d\u093e\u0932\u093e.
2026-02-16 19:27:25,292 - INFO - \U0001f4e1 Beed \u091a\u093e \u0921\u0947\u091f\u093e \u0918\u0947\u0924 \u0906\u0939\u0947...
2026-02-16 19:27:26,909 - INFO - \u2705 Beed \u091a\u093e \u0921\u0947\u091f\u093e \u092f\u0936\u0938\u094d\u0935\u0940\u0930\u093f\u0924\u094d\u092f\u093e \u0938\u0947\u0935\u094d\u0939 \u091d\u093e\u0932\u093e.
2026-02-16 19:27:26,909 - INFO - \U0001f4e1 Latur \u091a\u093e \u0921\u0947\u091f\u093e \u0918\u0947\u0924 \u0906\u0939\u0947...
2026-02-16 19:27:27,978 - INFO - \u2705 Latur \u091a\u093e \u0921\u0947\u091f\u093e \u092f\u0936\u0938\u094d\u0935\u0940\u0930\u093f\u0924\u094d\u092f\u093e \u0938\u0947\u0935\u094d\u0939 \u091d\u093e\u0932\u093e.
2026-02-16 19:27:27,979 - INFO - \U0001f4e1 Nanded \u091a\u093e \u0921\u0947\u091f\u093e \u0918\u0947\u0924 \u0906\u0939\u0947...
2026-02-16 19:27:29,083 - INFO - \u2705 Nanded \u091a\u093e \u0921\u0947\u091f\u093e \u092f\u0936\u0938\u094d\u0935\u0940\u0930\u093f\u0924\u094d\u092f\u093e \u0938\u0947\u0935\u094d\u0939 \u091d\u093e\u0932\u093e.
2026-02-16 19:27:29,083 - INFO - \U0001f4e1 Parbhani \u091a\u093e \u0921\u0947\u091f\u093e \u0918\u0947\u0924 \u0906\u0939\u0947...
2026-02-16 19:27:30,036 - INFO - \u2705 Parbhani \u091a\u093e \u0921\u0947\u091f\u093e \u092f\u0936\u0938\u094d\u0935\u0940\u0930\u093f\u0924\u094d\u092f\u093e \u0938\u0947\u0935\u094d\u0939 \u091d\u093e\u0932\u093e.
2026-02-16 19:34:54,301 - INFO - \U0001f680 6 \u0936\u0939\u0930\u093e\u0902\u0938\u093e\u0920\u0940 \u092a\u094d\u0930\u094b\u0938\u0947\u0938 \u0938\u0941\u0930\u0942 \u0939\u094b\u0924 \u0906\u0939\u0947...
2026-02-16 19:34:54,303 - INFO - \U0001f4e1 Sambhajinagar \u091a\u093e \u0921\u0947\u091f\u093e \u0918\u0947\u0924 \u0906\u0939\u0947...
2026-02-16 19:34:56,832 - INFO - \u2705 Sambhajinagar \u091a\u093e \u0921\u0947\u091f\u093e \u092f\u0936\u0938\u094d\u0935\u0940\u0930\u093f\u0924\u094d\u092f\u093e \u0938\u0947\u0935\u094d\u0939 \u091d\u093e\u0932\u093e.
2026-02-16 19:34:56,832 - INFO - \U0001f4e1 Jalna \u091a\u093e \u0921\u0947\u091f\u093e \u0918\u0947\u0924 \u0906\u0939\u0947...
2026-02-16 19:34:59,984 - INFO - \u2705 Jalna \u091a\u093e \u0921\u0947\u091f\u093e \u092f\u0936\u0938\u094d\u0935\u0940\u0930\u093f\u0924\u094d\u092f\u093e \u0938\u0947\u0935\u094d\u0939 \u091d\u093e\u0932\u093e.
2026-02-16 19:34:59,985 - INFO - \U0001f4e1 Beed \u091a\u093e \u0921\u0947\u091f\u093e \u0918\u0947\u0924 \u0906\u0939\u0947...
2026-02-16 19:35:01,833 - INFO - \u2705 Beed \u091a\u093e \u0921\u0947\u091f\u093e \u092f\u0936\u0938\u094d\u0935\u0940\u0930\u093f\u0924\u094d\u092f\u093e \u0938\u0947\u0935\u094d\u0939 \u091d\u093e\u0932\u093e.
2026-02-16 19:35:01,833 - INFO - \U0001f4e1 Latur \u091a\u093e \u0921\u0947\u091f\u093e \u0918\u0947\u0924 \u0906\u0939\u0947...
2026-02-16 19:35:04,115 - INFO - \u2705 Latur \u091a\u093e \u0921\u0947\u091f\u093e \u092f\u0936\u0938\u094d\u0935\u0940\u0930\u093f\u0924\u094d\u092f\u093e \u0938\u0947\u0935\u094d\u0939 \u091d\u093e\u0932\u093e.
2026-02-16 19:35:04,115 - INFO - \U0001f4e1 Nanded \u091a\u093e \u0921\u0947\u091f\u093e \u0918\u0947\u0924 \u0906\u0939\u0947...
2026-02-16 19:35:06,502 - INFO - \u2705 Nanded \u091a\u093e \u0921\u0947\u091f\u093e \u092f\u0936\u0938\u094d\u0935\u0940\u0930\u093f\u0924\u094d\u092f\u093e \u0938\u0947\u0935\u094d\u0939 \u091d\u093e\u0932\u093e.
2026-02-16 19:35:06,502 - INFO - \U0001f4e1 Parbhani \u091a\u093e \u0921\u0947\u091f\u093e \u0918\u0947\u0924 \u0906\u0939\u0947...
2026-02-16 19:35:08,067 - INFO - \u2705 Parbhani \u091a\u093e \u0921\u0947\u091f\u093e \u092f\u0936\u0938\u094d\u0935\u0940\u0930\u093f\u0924\u094d\u092f\u093e \u0938\u0947\u0935\u094d\u0939 \u091d\u093e\u0932\u093e.
2026-02-16 20:03:28,874 - INFO - \U0001f680 6 \u0936\u0939\u0930\u093e\u0902\u0938\u093e\u0920\u0940 \u092a\u094d\u0930\u094b\u0938\u0947\u0938 \u0938\u0941\u0930\u0942 \u0939\u094b\u0924 \u0906\u0939\u0947...
2026-02-16 20:03:28,876 - INFO - \U0001f4e1 Sambhajinagar \u091a\u093e \u0921\u0947\u091f\u093e \u0918\u0947\u0924 \u0906\u0939\u0947...
2026-02-16 20:03:30,333 - INFO - \u2705 Sambhajinagar \u091a\u093e \u0921\u0947\u091f\u093e \u092f\u0936\u0938\u094d\u0935\u0940\u0930\u093f\u0924\u094d\u092f\u093e \u0938\u0947\u0935\u094d\u0939 \u091d\u093e\u0932\u093e.
2026-02-16 20:03:30,334 - INFO - \U0001f4e1 Jalna \u091a\u093e \u0921\u0947\u091f\u093e \u0918\u0947\u0924 \u0906\u0939\u0947...
2026-02-16 20:03:31,340 - INFO - \u2705 Jalna \u091a\u093e \u0921\u0947\u091f\u093e \u092f\u0936\u0938\u094d\u0935\u0940\u0930\u093f\u0924\u094d\u092f\u093e \u0938\u0947\u0935\u094d\u0939 \u091d\u093e\u0932\u093e.
2026-02-16 20:03:31,341 - INFO - \U0001f4e1 Beed \u091a\u093e \u0921\u0947\u091f\u093e \u0918\u0947\u0924 \u0906\u0939\u0947...
2026-02-16 20:03:32,669 - INFO - \u2705 Beed \u091a\u093e \u0921\u0947\u091f\u093e \u092f\u0936\u0938\u094d\u0935\u0940\u0930\u093f\u0924\u094d\u092f\u093e \u0938\u0947\u0935\u094d\u0939 \u091d\u093e\u0932\u093e.
2026-02-16 20:03:32,669 - INFO - \U0001f4e1 Latur \u091a\u093e \u0921\u0947\u091f\u093e \u0918\u0947\u0924 \u0906\u0939\u0947...
2026-02-16 20:03:34,428 - INFO - \u2705 Latur \u091a\u093e \u0921\u0947\u091f\u093e \u092f\u0936\u0938\u094d\u0935\u0940\u0930\u093f\u0924\u094d\u092f\u093e \u0938\u0947\u0935\u094d\u0939 \u091d\u093e\u0932\u093e.
2026-02-16 20:03:34,428 - INFO - \U0001f4e1 Nanded \u091a\u093e \u0921\u0947\u091f\u093e \u0918\u0947\u0924 \u0906\u0939\u0947...
2026-02-16 20:03:35,824 - INFO - \u2705 Nanded \u091a\u093e \u0921\u0947\u091f\u093e \u092f\u0936\u0938\u094d\u0935\u0940\u0930\u093f\u0924\u094d\u092f\u093e \u0938\u0947\u0935\u094d\u0939 \u091d\u093e\u0932\u093e.
2026-02-16 20:03:35,825 - INFO - \U0001f4e1 Parbhani \u091a\u093e \u0921\u0947\u091f\u093e \u0918\u0947\u0924 \u0906\u0939\u0947...
2026-02-16 20:03:36,867 - INFO - \u2705 Parbhani \u091a\u093e \u0921\u0947\u091f\u093e \u092f\u0936\u0938\u094d\u0935\u0940\u0930\u093f\u0924\u094d\u092f\u093e \u0938\u0947\u0935\u094d\u0939 \u091d\u093e\u0932\u093e.
